INFO:     Will watch for changes in these directories: ['/Users/hori/Desktop/audion_project_final/Audion_Emergent.AI_Demo/backend']
INFO:     Uvicorn running on http://127.0.0.1:8003 (Press CTRL+C to quit)
INFO:     Started reloader process [77142] using StatReload
INFO:     Started server process [77150]
INFO:     Waiting for application startup.
2025-08-08 14:07:58,460 - INFO - Connected to MongoDB successfully
2025-08-08 14:07:58,956 - INFO - Database indexes created successfully
2025-08-08 14:07:59,019 - INFO - Found 5 existing preset categories
2025-08-08 14:07:59,019 - INFO - Preset categories initialized successfully
2025-08-08 14:07:59,019 - INFO - Cleanup tasks completed
INFO:     Application startup complete.
INFO:     127.0.0.1:50124 - "GET /api/health HTTP/1.1" 200 OK
2025-08-08 14:08:16,680 - INFO - DEBUG: Attempting authentication with token: 8135236f-38cd-4cd8-b67f-2972db82ef94
2025-08-08 14:08:16,762 - INFO - DEBUG: Found user: True
2025-08-08 14:08:16,762 - INFO - DEBUG: Returning user: 2003sohei@gmail.com
INFO:     127.0.0.1:50150 - "GET /api/user/settings HTTP/1.1" 500 Internal Server Error
ERROR:    Exception in ASGI application
Traceback (most recent call last):
  File "/Users/hori/Desktop/audion_project_final/Audion_Emergent.AI_Demo/backend/venv/lib/python3.13/site-packages/fastapi/encoders.py", line 322, in jsonable_encoder
    data = dict(obj)
TypeError: 'ObjectId' object is not iterable

During handling of the above exception, another exception occurred:

Traceback (most recent call last):
  File "/Users/hori/Desktop/audion_project_final/Audion_Emergent.AI_Demo/backend/venv/lib/python3.13/site-packages/fastapi/encoders.py", line 327, in jsonable_encoder
    data = vars(obj)
TypeError: vars() argument must have __dict__ attribute

The above exception was the direct cause of the following exception:

Traceback (most recent call last):
  File "/Users/hori/Desktop/audion_project_final/Audion_Emergent.AI_Demo/backend/venv/lib/python3.13/site-packages/uvicorn/protocols/http/h11_impl.py", line 408, in run_asgi
    result = await app(  # type: ignore[func-returns-value]
             ^^^^^^^^^^^^^^^^^^^^^^^^^^^^^^^^^^^^^^^^^^^^^^
        self.scope, self.receive, self.send
        ^^^^^^^^^^^^^^^^^^^^^^^^^^^^^^^^^^^
    )
    ^
  File "/Users/hori/Desktop/audion_project_final/Audion_Emergent.AI_Demo/backend/venv/lib/python3.13/site-packages/uvicorn/middleware/proxy_headers.py", line 84, in __call__
    return await self.app(scope, receive, send)
           ^^^^^^^^^^^^^^^^^^^^^^^^^^^^^^^^^^^^
  File "/Users/hori/Desktop/audion_project_final/Audion_Emergent.AI_Demo/backend/venv/lib/python3.13/site-packages/fastapi/applications.py", line 1054, in __call__
    await super().__call__(scope, receive, send)
  File "/Users/hori/Desktop/audion_project_final/Audion_Emergent.AI_Demo/backend/venv/lib/python3.13/site-packages/starlette/applications.py", line 123, in __call__
    await self.middleware_stack(scope, receive, send)
  File "/Users/hori/Desktop/audion_project_final/Audion_Emergent.AI_Demo/backend/venv/lib/python3.13/site-packages/starlette/middleware/errors.py", line 186, in __call__
    raise exc
  File "/Users/hori/Desktop/audion_project_final/Audion_Emergent.AI_Demo/backend/venv/lib/python3.13/site-packages/starlette/middleware/errors.py", line 164, in __call__
    await self.app(scope, receive, _send)
  File "/Users/hori/Desktop/audion_project_final/Audion_Emergent.AI_Demo/backend/venv/lib/python3.13/site-packages/starlette/middleware/cors.py", line 85, in __call__
    await self.app(scope, receive, send)
  File "/Users/hori/Desktop/audion_project_final/Audion_Emergent.AI_Demo/backend/venv/lib/python3.13/site-packages/starlette/middleware/exceptions.py", line 65, in __call__
    await wrap_app_handling_exceptions(self.app, conn)(scope, receive, send)
  File "/Users/hori/Desktop/audion_project_final/Audion_Emergent.AI_Demo/backend/venv/lib/python3.13/site-packages/starlette/_exception_handler.py", line 64, in wrapped_app
    raise exc
  File "/Users/hori/Desktop/audion_project_final/Audion_Emergent.AI_Demo/backend/venv/lib/python3.13/site-packages/starlette/_exception_handler.py", line 53, in wrapped_app
    await app(scope, receive, sender)
  File "/Users/hori/Desktop/audion_project_final/Audion_Emergent.AI_Demo/backend/venv/lib/python3.13/site-packages/starlette/routing.py", line 756, in __call__
    await self.middleware_stack(scope, receive, send)
  File "/Users/hori/Desktop/audion_project_final/Audion_Emergent.AI_Demo/backend/venv/lib/python3.13/site-packages/starlette/routing.py", line 776, in app
    await route.handle(scope, receive, send)
  File "/Users/hori/Desktop/audion_project_final/Audion_Emergent.AI_Demo/backend/venv/lib/python3.13/site-packages/starlette/routing.py", line 297, in handle
    await self.app(scope, receive, send)
  File "/Users/hori/Desktop/audion_project_final/Audion_Emergent.AI_Demo/backend/venv/lib/python3.13/site-packages/starlette/routing.py", line 77, in app
    await wrap_app_handling_exceptions(app, request)(scope, receive, send)
  File "/Users/hori/Desktop/audion_project_final/Audion_Emergent.AI_Demo/backend/venv/lib/python3.13/site-packages/starlette/_exception_handler.py", line 64, in wrapped_app
    raise exc
  File "/Users/hori/Desktop/audion_project_final/Audion_Emergent.AI_Demo/backend/venv/lib/python3.13/site-packages/starlette/_exception_handler.py", line 53, in wrapped_app
    await app(scope, receive, sender)
  File "/Users/hori/Desktop/audion_project_final/Audion_Emergent.AI_Demo/backend/venv/lib/python3.13/site-packages/starlette/routing.py", line 72, in app
    response = await func(request)
               ^^^^^^^^^^^^^^^^^^^
  File "/Users/hori/Desktop/audion_project_final/Audion_Emergent.AI_Demo/backend/venv/lib/python3.13/site-packages/fastapi/routing.py", line 296, in app
    content = await serialize_response(
              ^^^^^^^^^^^^^^^^^^^^^^^^^
    ...<9 lines>...
    )
    ^
  File "/Users/hori/Desktop/audion_project_final/Audion_Emergent.AI_Demo/backend/venv/lib/python3.13/site-packages/fastapi/routing.py", line 180, in serialize_response
    return jsonable_encoder(response_content)
  File "/Users/hori/Desktop/audion_project_final/Audion_Emergent.AI_Demo/backend/venv/lib/python3.13/site-packages/fastapi/encoders.py", line 287, in jsonable_encoder
    encoded_value = jsonable_encoder(
        value,
    ...<4 lines>...
        sqlalchemy_safe=sqlalchemy_safe,
    )
  File "/Users/hori/Desktop/audion_project_final/Audion_Emergent.AI_Demo/backend/venv/lib/python3.13/site-packages/fastapi/encoders.py", line 330, in jsonable_encoder
    raise ValueError(errors) from e
ValueError: [TypeError("'ObjectId' object is not iterable"), TypeError('vars() argument must have __dict__ attribute')]
INFO:     127.0.0.1:50224 - "GET /api/health HTTP/1.1" 200 OK
WARNING:  StatReload detected changes in 'server.py'. Reloading...
INFO:     Shutting down
INFO:     Waiting for application shutdown.
2025-08-08 14:09:37,019 - INFO - Disconnected from MongoDB
INFO:     Application shutdown complete.
INFO:     Finished server process [77150]
Process SpawnProcess-2:
Traceback (most recent call last):
  File "/opt/homebrew/Cellar/python@3.13/3.13.5/Frameworks/Python.framework/Versions/3.13/lib/python3.13/multiprocessing/process.py", line 313, in _bootstrap
    self.run()
    ~~~~~~~~^^
  File "/opt/homebrew/Cellar/python@3.13/3.13.5/Frameworks/Python.framework/Versions/3.13/lib/python3.13/multiprocessing/process.py", line 108, in run
    self._target(*self._args, **self._kwargs)
    ~~~~~~~~~~~~^^^^^^^^^^^^^^^^^^^^^^^^^^^^^
  File "/Users/hori/Desktop/audion_project_final/Audion_Emergent.AI_Demo/backend/venv/lib/python3.13/site-packages/uvicorn/_subprocess.py", line 76, in subprocess_started
    target(sockets=sockets)
    ~~~~~~^^^^^^^^^^^^^^^^^
  File "/Users/hori/Desktop/audion_project_final/Audion_Emergent.AI_Demo/backend/venv/lib/python3.13/site-packages/uvicorn/server.py", line 61, in run
    return asyncio.run(self.serve(sockets=sockets))
           ~~~~~~~~~~~^^^^^^^^^^^^^^^^^^^^^^^^^^^^^
  File "/opt/homebrew/Cellar/python@3.13/3.13.5/Frameworks/Python.framework/Versions/3.13/lib/python3.13/asyncio/runners.py", line 195, in run
    return runner.run(main)
           ~~~~~~~~~~^^^^^^
  File "/opt/homebrew/Cellar/python@3.13/3.13.5/Frameworks/Python.framework/Versions/3.13/lib/python3.13/asyncio/runners.py", line 118, in run
    return self._loop.run_until_complete(task)
           ~~~~~~~~~~~~~~~~~~~~~~~~~~~~~^^^^^^
  File "/opt/homebrew/Cellar/python@3.13/3.13.5/Frameworks/Python.framework/Versions/3.13/lib/python3.13/asyncio/base_events.py", line 725, in run_until_complete
    return future.result()
           ~~~~~~~~~~~~~^^
  File "/Users/hori/Desktop/audion_project_final/Audion_Emergent.AI_Demo/backend/venv/lib/python3.13/site-packages/uvicorn/server.py", line 68, in serve
    config.load()
    ~~~~~~~~~~~^^
  File "/Users/hori/Desktop/audion_project_final/Audion_Emergent.AI_Demo/backend/venv/lib/python3.13/site-packages/uvicorn/config.py", line 467, in load
    self.loaded_app = import_from_string(self.app)
                      ~~~~~~~~~~~~~~~~~~^^^^^^^^^^
  File "/Users/hori/Desktop/audion_project_final/Audion_Emergent.AI_Demo/backend/venv/lib/python3.13/site-packages/uvicorn/importer.py", line 21, in import_from_string
    module = importlib.import_module(module_str)
  File "/opt/homebrew/Cellar/python@3.13/3.13.5/Frameworks/Python.framework/Versions/3.13/lib/python3.13/importlib/__init__.py", line 88, in import_module
    return _bootstrap._gcd_import(name[level:], package, level)
           ~~~~~~~~~~~~~~~~~~~~~~^^^^^^^^^^^^^^^^^^^^^^^^^^^^^^
  File "<frozen importlib._bootstrap>", line 1387, in _gcd_import
  File "<frozen importlib._bootstrap>", line 1360, in _find_and_load
  File "<frozen importlib._bootstrap>", line 1331, in _find_and_load_unlocked
  File "<frozen importlib._bootstrap>", line 935, in _load_unlocked
  File "<frozen importlib._bootstrap_external>", line 1022, in exec_module
  File "<frozen importlib._bootstrap_external>", line 1160, in get_code
  File "<frozen importlib._bootstrap_external>", line 1090, in source_to_code
  File "<frozen importlib._bootstrap>", line 488, in _call_with_frames_removed
  File "/Users/hori/Desktop/audion_project_final/Audion_Emergent.AI_Demo/backend/server.py", line 1147
    return profileexcept asyncio.TimeoutError:
                         ^^^^^^^
SyntaxError: invalid syntax
INFO:     Stopping reloader process [77142]
