INFO:     Will watch for changes in these directories: ['/Users/hori/Desktop/audion_project_final/Audion_Emergent.AI_Demo/backend']
INFO:     Uvicorn running on http://127.0.0.1:8003 (Press CTRL+C to quit)
INFO:     Started reloader process [39682] using StatReload
INFO:     Started server process [39690]
INFO:     Waiting for application startup.
2025-08-07 20:37:52,343 - INFO - Connected to MongoDB successfully
2025-08-07 20:37:54,691 - INFO - Database indexes created successfully
2025-08-07 20:37:54,746 - INFO - Found 5 existing preset categories
2025-08-07 20:37:54,746 - INFO - Preset categories initialized successfully
2025-08-07 20:37:54,746 - INFO - Cleanup tasks completed
INFO:     Application startup complete.
INFO:     127.0.0.1:60385 - "GET /health HTTP/1.1" 200 OK
INFO:     127.0.0.1:60618 - "POST /api/auth/login HTTP/1.1" 400 Bad Request
INFO:     127.0.0.1:60639 - "POST /api/auth/register HTTP/1.1" 200 OK
2025-08-07 20:39:49,334 - ERROR - Database error during authentication: Database not connected
2025-08-07 20:39:49,334 - ERROR - Authentication failed in get_current_user: 500: Internal server error: authentication failed
INFO:     127.0.0.1:60659 - "GET /api/rss-sources HTTP/1.1" 401 Unauthorized
WARNING:  StatReload detected changes in 'server.py'. Reloading...
INFO:     Shutting down
INFO:     Waiting for application shutdown.
2025-08-07 20:40:47,847 - INFO - Disconnected from MongoDB
INFO:     Application shutdown complete.
INFO:     Finished server process [39690]
INFO:     Started server process [40221]
INFO:     Waiting for application startup.
2025-08-07 20:40:51,397 - INFO - Connected to MongoDB successfully
2025-08-07 20:40:51,947 - INFO - Database indexes created successfully
2025-08-07 20:40:51,989 - INFO - Found 5 existing preset categories
2025-08-07 20:40:51,989 - INFO - Preset categories initialized successfully
2025-08-07 20:40:51,989 - INFO - Cleanup tasks completed
INFO:     Application startup complete.
INFO:     Shutting down
INFO:     Waiting for application shutdown.
2025-08-07 20:40:59,751 - INFO - Disconnected from MongoDB
INFO:     Application shutdown complete.
INFO:     Finished server process [40221]
INFO:     Stopping reloader process [39682]
